01/30/2025 08:05:15 AM : root : INFO : **********Test_001_Login************
01/30/2025 08:05:15 AM : root : INFO : ***********Verifying Home Page Title************
01/30/2025 08:05:20 AM : root : INFO : ***********Verifying Login Test************
01/30/2025 08:05:26 AM : root : INFO : ***********Login Test is Passed************
01/30/2025 08:24:13 AM : root : INFO : **********Test_001_Login************
01/30/2025 08:24:13 AM : root : INFO : ***********Verifying Home Page Title************
01/30/2025 08:24:20 AM : root : INFO : ***********Verifying Login Test************
01/30/2025 08:24:25 AM : root : INFO : ***********Login Test is Passed************
01/30/2025 08:24:50 AM : root : INFO : ***********Verifying Login Test************
01/30/2025 08:24:51 AM : root : INFO : **********Test_001_Login************
01/30/2025 08:24:51 AM : root : INFO : ***********Verifying Home Page Title************
01/30/2025 08:24:56 AM : root : INFO : ***********Login Test is Passed************
01/30/2025 08:32:49 AM : root : INFO : **********Test_001_Login************
01/30/2025 08:32:49 AM : root : INFO : ***********Verifying Home Page Title************
01/30/2025 08:32:50 AM : root : INFO : ***********Verifying Login Test************
01/30/2025 08:32:57 AM : root : INFO : ***********Login Test is Passed************
01/30/2025 08:52:12 AM : root : INFO : **********Test_001_Login************
01/30/2025 08:52:12 AM : root : INFO : ***********Verifying Home Page Title************
01/30/2025 08:52:13 AM : root : INFO : ***********Verifying Login Test************
01/30/2025 08:52:19 AM : root : INFO : ***********Login Test is Passed************
01/30/2025 02:11:46 PM : root : INFO : **************Test_002_LoginData************
01/30/2025 02:11:46 PM : root : INFO : ***********Verifying Login DDT Test************
01/30/2025 02:11:54 PM : root : INFO : ******Test Passed
01/30/2025 02:12:52 PM : root : INFO : **************Test_002_LoginData************
01/30/2025 02:12:52 PM : root : INFO : ***********Verifying Login DDT Test************
01/30/2025 02:12:58 PM : root : INFO : ******Test Passed
01/30/2025 02:13:48 PM : root : INFO : **************Test_002_LoginData************
01/30/2025 02:13:48 PM : root : INFO : ***********Verifying Login DDT Test************
01/30/2025 02:13:55 PM : root : INFO : ******Test Passed
01/30/2025 02:13:56 PM : root : INFO : ***********Test is Passed***********
01/30/2025 03:21:30 PM : root : INFO : **************Test_002_LoginData************
01/30/2025 03:21:30 PM : root : INFO : ***********Verifying Login DDT Test************
01/30/2025 03:21:38 PM : root : INFO : ******Test Passed
01/30/2025 03:21:41 PM : root : INFO : ***********Test is Passed***********
01/30/2025 03:25:46 PM : root : INFO : **************Test_002_LoginData************
01/30/2025 03:25:46 PM : root : INFO : ***********Verifying Login DDT Test************
01/30/2025 03:25:54 PM : root : INFO : ******Test Passed
01/30/2025 03:26:04 PM : root : INFO : ******Test Failed
01/30/2025 03:27:09 PM : root : INFO : **************Test_002_LoginData************
01/30/2025 03:27:09 PM : root : INFO : ***********Verifying Login DDT Test************
01/30/2025 03:27:17 PM : root : INFO : ******Test Passed
01/30/2025 03:27:28 PM : root : INFO : ******Test Failed
01/30/2025 03:27:35 PM : root : INFO : ******Test Failed
01/30/2025 03:27:41 PM : root : INFO : ******Test Failed
01/30/2025 03:27:41 PM : root : INFO : ************Test is Failed*********
01/30/2025 03:31:07 PM : root : INFO : **************Test_002_LoginData************
01/30/2025 03:31:07 PM : root : INFO : ***********Verifying Login DDT Test************
01/30/2025 03:31:16 PM : root : INFO : ******Test Passed
01/30/2025 03:31:25 PM : root : INFO : ******Test Failed
01/30/2025 03:31:32 PM : root : INFO : ******Test Failed
01/30/2025 03:31:37 PM : root : INFO : ******Test Failed
01/30/2025 03:31:37 PM : root : INFO : ************Test is Failed*********
01/30/2025 03:35:57 PM : root : INFO : **************Test_002_LoginData************
01/30/2025 03:35:57 PM : root : INFO : ***********Verifying Login DDT Test************
01/30/2025 03:36:04 PM : root : INFO : ******Test Passed
01/30/2025 03:36:15 PM : root : INFO : ******Test Failed
01/30/2025 03:36:20 PM : root : INFO : ******Test Failed
01/30/2025 03:36:26 PM : root : INFO : ******Test Failed
01/30/2025 03:36:26 PM : root : INFO : ***********Test is Passed***********
01/30/2025 03:36:27 PM : root : INFO : ***********End of Login DDT Test*******************
01/31/2025 04:16:17 PM : root : INFO : **************Test_003_AddCanditate************
01/31/2025 04:16:17 PM : root : INFO : ***********Adding New Canditate Test************
01/31/2025 04:16:40 PM : root : INFO : **************Test_003_AddCanditate************
01/31/2025 04:16:40 PM : root : INFO : ***********Adding New Canditate Test************
01/31/2025 04:18:39 PM : root : INFO : **************Test_003_AddCanditate************
01/31/2025 04:18:39 PM : root : INFO : ***********Adding New Canditate Test************
01/31/2025 04:20:30 PM : root : INFO : **************Test_003_AddCanditate************
01/31/2025 04:20:30 PM : root : INFO : ***********Adding New Canditate Test************
01/31/2025 04:21:08 PM : root : INFO : **************Test_003_AddCanditate************
01/31/2025 04:21:08 PM : root : INFO : ***********Adding New Canditate Test************
01/31/2025 04:34:24 PM : root : INFO : **************Test_003_AddCanditate************
01/31/2025 04:34:24 PM : root : INFO : ***********Adding New Canditate Test************
01/31/2025 04:37:35 PM : root : INFO : **************Test_003_AddCanditate************
01/31/2025 04:37:35 PM : root : INFO : ***********Adding New Canditate Test************
01/31/2025 04:40:17 PM : root : INFO : **************Test_003_AddCanditate************
01/31/2025 04:40:17 PM : root : INFO : ***********Adding New Canditate Test************
01/31/2025 04:40:47 PM : root : INFO : **************Test_003_AddCanditate************
01/31/2025 04:40:47 PM : root : INFO : ***********Adding New Canditate Test************
01/31/2025 04:42:02 PM : root : INFO : **************Test_003_AddCanditate************
01/31/2025 04:42:02 PM : root : INFO : ***********Adding New Canditate Test************
01/31/2025 04:43:13 PM : root : INFO : **************Test_003_AddCanditate************
01/31/2025 04:43:13 PM : root : INFO : ***********Adding New Canditate Test************
01/31/2025 04:51:02 PM : root : INFO : **************Test_003_AddCanditate************
01/31/2025 04:51:02 PM : root : INFO : ***********Adding New Canditate Test************
01/31/2025 04:51:53 PM : root : INFO : **************Test_003_AddCanditate************
01/31/2025 04:51:53 PM : root : INFO : ***********Adding New Canditate Test************
01/31/2025 04:52:36 PM : root : INFO : **************Test_003_AddCanditate************
01/31/2025 04:52:36 PM : root : INFO : ***********Adding New Canditate Test************
01/31/2025 04:55:28 PM : root : INFO : **************Test_003_AddCanditate************
01/31/2025 04:55:28 PM : root : INFO : ***********Adding New Canditate Test************
01/31/2025 04:59:09 PM : root : INFO : **************Test_003_AddCanditate************
01/31/2025 04:59:09 PM : root : INFO : ***********Adding New Canditate Test************
01/31/2025 05:00:22 PM : root : INFO : **************Test_003_AddCanditate************
01/31/2025 05:00:22 PM : root : INFO : ***********Adding New Canditate Test************
01/31/2025 05:01:04 PM : root : INFO : **************Test_003_AddCanditate************
01/31/2025 05:01:04 PM : root : INFO : ***********Adding New Canditate Test************
01/31/2025 05:01:48 PM : root : INFO : **************Test_003_AddCanditate************
01/31/2025 05:01:48 PM : root : INFO : ***********Adding New Canditate Test************
01/31/2025 05:02:50 PM : root : INFO : **************Test_003_AddCanditate************
01/31/2025 05:02:50 PM : root : INFO : ***********Adding New Canditate Test************
01/31/2025 05:06:22 PM : root : INFO : **************Test_003_AddCanditate************
01/31/2025 05:06:22 PM : root : INFO : ***********Adding New Canditate Test************
01/31/2025 05:07:26 PM : root : INFO : **************Test_003_AddCanditate************
01/31/2025 05:07:26 PM : root : INFO : ***********Adding New Canditate Test************
01/31/2025 05:07:45 PM : root : INFO : **************here
01/31/2025 05:08:47 PM : root : INFO : **************Test_003_AddCanditate************
01/31/2025 05:08:47 PM : root : INFO : ***********Adding New Canditate Test************
01/31/2025 05:09:08 PM : root : INFO : **************here
01/31/2025 05:09:40 PM : root : INFO : **************Test_003_AddCanditate************
01/31/2025 05:09:40 PM : root : INFO : ***********Adding New Canditate Test************
01/31/2025 05:09:57 PM : root : INFO : **************here
01/31/2025 05:14:29 PM : root : INFO : **************Test_003_AddCanditate************
01/31/2025 05:14:29 PM : root : INFO : ***********Adding New Canditate Test************
01/31/2025 05:14:46 PM : root : INFO : **************here
01/31/2025 05:15:28 PM : root : INFO : **************Test_003_AddCanditate************
01/31/2025 05:15:28 PM : root : INFO : ***********Adding New Canditate Test************
01/31/2025 05:15:44 PM : root : INFO : **************here
01/31/2025 05:16:35 PM : root : INFO : **************Test_003_AddCanditate************
01/31/2025 05:16:35 PM : root : INFO : ***********Adding New Canditate Test************
01/31/2025 05:16:54 PM : root : INFO : **************here
02/01/2025 07:11:59 AM : root : INFO : **************Test_003_AddCanditate************
02/01/2025 07:11:59 AM : root : INFO : ***********Adding New Canditate Test************
02/01/2025 07:18:04 AM : root : INFO : **************Test_003_AddCanditate************
02/01/2025 07:18:04 AM : root : INFO : ***********Adding New Canditate Test************
02/01/2025 07:18:21 AM : root : INFO : **************here
02/01/2025 07:19:59 AM : root : INFO : **************Test_003_AddCanditate************
02/01/2025 07:19:59 AM : root : INFO : ***********Adding New Canditate Test************
02/01/2025 07:20:17 AM : root : INFO : **************here
02/01/2025 07:22:55 AM : root : INFO : **************Test_003_AddCanditate************
02/01/2025 07:22:55 AM : root : INFO : ***********Adding New Canditate Test************
02/01/2025 07:23:12 AM : root : INFO : **************here
02/01/2025 07:26:27 AM : root : INFO : **************Test_003_AddCanditate************
02/01/2025 07:26:27 AM : root : INFO : ***********Adding New Canditate Test************
02/01/2025 07:26:44 AM : root : INFO : **************here
02/01/2025 07:29:15 AM : root : INFO : **************Test_003_AddCanditate************
02/01/2025 07:29:15 AM : root : INFO : ***********Adding New Canditate Test************
02/01/2025 07:29:31 AM : root : INFO : **************here
02/01/2025 07:34:44 AM : root : INFO : **************Test_003_AddCanditate************
02/01/2025 07:34:44 AM : root : INFO : ***********Adding New Canditate Test************
02/01/2025 07:35:40 AM : root : INFO : **************Test_003_AddCanditate************
02/01/2025 07:35:40 AM : root : INFO : ***********Adding New Canditate Test************
02/01/2025 07:38:17 AM : root : INFO : **************Test_003_AddCanditate************
02/01/2025 07:38:17 AM : root : INFO : ***********Adding New Canditate Test************
02/01/2025 07:40:44 AM : root : INFO : **************Test_003_AddCanditate************
02/01/2025 07:40:44 AM : root : INFO : ***********Adding New Canditate Test************
02/01/2025 07:41:00 AM : root : INFO : **************here
02/01/2025 07:47:37 AM : root : INFO : **************Test_003_AddCanditate************
02/01/2025 07:47:37 AM : root : INFO : ***********Adding New Canditate Test************
02/01/2025 07:47:52 AM : root : INFO : **************here
02/01/2025 07:51:41 AM : root : INFO : **************Test_003_AddCanditate************
02/01/2025 07:51:41 AM : root : INFO : ***********Adding New Canditate Test************
02/01/2025 07:51:58 AM : root : INFO : **************here
02/01/2025 07:52:29 AM : root : INFO : ***************Not Added*************
02/01/2025 08:35:40 AM : root : INFO : **************Test_003_SearchCanditate************
02/01/2025 08:35:40 AM : root : INFO : ***********Searching New Canditate Test************
02/01/2025 08:37:07 AM : root : INFO : **************Test_003_SearchCanditate************
02/01/2025 08:37:07 AM : root : INFO : ***********Searching New Canditate Test************
02/01/2025 02:06:40 PM : root : INFO : **************Test_003_SearchCanditate************
02/01/2025 02:06:40 PM : root : INFO : ***********Searching New Canditate Test************
02/01/2025 02:34:21 PM : root : INFO : **************Test_003_AddCanditate************
02/01/2025 02:34:21 PM : root : INFO : **************Test_003_AddCanditate************
02/01/2025 02:34:21 PM : root : INFO : ***********Adding New Canditate Test************
02/01/2025 02:34:21 PM : root : INFO : ***********Adding New Canditate Test************
02/06/2025 08:20:36 AM : root : INFO : **************Test_003_AddCanditate************
02/06/2025 08:20:36 AM : root : INFO : **************Test_003_AddCanditate************
02/06/2025 08:20:36 AM : root : INFO : ***********Adding New Canditate Test************
02/06/2025 08:20:36 AM : root : INFO : ***********Adding New Canditate Test************
02/06/2025 08:20:53 AM : root : INFO : **************here
02/06/2025 08:20:53 AM : root : INFO : **************here
02/06/2025 08:21:24 AM : root : INFO : ***************Not Added*************
02/06/2025 08:21:24 AM : root : INFO : ***************Not Added*************
02/06/2025 08:21:58 AM : root : INFO : **************Test_003_AddCanditate************
02/06/2025 08:21:58 AM : root : INFO : **************Test_003_AddCanditate************
02/06/2025 08:21:58 AM : root : INFO : ***********Adding New Canditate Test************
02/06/2025 08:21:58 AM : root : INFO : ***********Adding New Canditate Test************
02/06/2025 08:22:44 AM : root : INFO : **************Test_003_AddCanditate************
02/06/2025 08:22:44 AM : root : INFO : **************Test_003_AddCanditate************
02/06/2025 08:22:44 AM : root : INFO : ***********Adding New Canditate Test************
02/06/2025 08:22:44 AM : root : INFO : ***********Adding New Canditate Test************
02/06/2025 08:26:01 AM : root : INFO : **************Test_003_AddCanditate************
02/06/2025 08:26:01 AM : root : INFO : **************Test_003_AddCanditate************
02/06/2025 08:26:01 AM : root : INFO : ***********Adding New Canditate Test************
02/06/2025 08:26:01 AM : root : INFO : ***********Adding New Canditate Test************
